Log file open, 01/04/17 15:38:26
LogInit:Display: Running engine for game: TetrisGame
LogPlatformFile: Not using cached read wrapper
LogInit:Display: RandInit(1546620878) SRandInit(1546620878).
LogTaskGraph: Started task graph with 5 named threads and 8 total threads with 1 sets of task threads.
LogStats: Stats thread started at 0.108081
LogPluginManager: Loaded Plugin Paper2D, From E:/Programs/Epic Games/Epic Games/4.14/Engine/Plugins/2D/Paper2D/Paper2D.uplugin
LogPluginManager: Loaded Plugin LightPropagationVolume, From E:/Programs/Epic Games/Epic Games/4.14/Engine/Plugins/Blendables/LightPropagationVolume/LightPropagationVolume.uplugin
LogPluginManager: Loaded Plugin BlankPlugin, From E:/Programs/Epic Games/Epic Games/4.14/Engine/Plugins/Developer/BlankPlugin/BlankPlugin.uplugin
LogPluginManager: Loaded Plugin CodeLiteSourceCodeAccess, From E:/Programs/Epic Games/Epic Games/4.14/Engine/Plugins/Developer/CodeLiteSourceCodeAccess/CodeLiteSourceCodeAccess.uplugin
LogPluginManager: Loaded Plugin GitSourceControl, From E:/Programs/Epic Games/Epic Games/4.14/Engine/Plugins/Developer/GitSourceControl/GitSourceControl.uplugin
LogPluginManager: Loaded Plugin KDevelopSourceCodeAccess, From E:/Programs/Epic Games/Epic Games/4.14/Engine/Plugins/Developer/KDevelopSourceCodeAccess/KDevelopSourceCodeAccess.uplugin
LogPluginManager: Loaded Plugin NullSourceCodeAccess, From E:/Programs/Epic Games/Epic Games/4.14/Engine/Plugins/Developer/NullSourceCodeAccess/NullSourceCodeAccess.uplugin
LogPluginManager: Loaded Plugin OneSkyLocalizationService, From E:/Programs/Epic Games/Epic Games/4.14/Engine/Plugins/Developer/OneSkyLocalizationService/OneSkyLocalizationService.uplugin
LogPluginManager: Loaded Plugin PerforceSourceControl, From E:/Programs/Epic Games/Epic Games/4.14/Engine/Plugins/Developer/PerforceSourceControl/PerforceSourceControl.uplugin
LogPluginManager: Loaded Plugin SubversionSourceControl, From E:/Programs/Epic Games/Epic Games/4.14/Engine/Plugins/Developer/SubversionSourceControl/SubversionSourceControl.uplugin
LogPluginManager: Loaded Plugin UObjectPlugin, From E:/Programs/Epic Games/Epic Games/4.14/Engine/Plugins/Developer/UObjectPlugin/UObjectPlugin.uplugin
LogPluginManager: Loaded Plugin VisualStudioSourceCodeAccess, From E:/Programs/Epic Games/Epic Games/4.14/Engine/Plugins/Developer/VisualStudioSourceCodeAccess/VisualStudioSourceCodeAccess.uplugin
LogPluginManager: Loaded Plugin XCodeSourceCodeAccess, From E:/Programs/Epic Games/Epic Games/4.14/Engine/Plugins/Developer/XCodeSourceCodeAccess/XCodeSourceCodeAccess.uplugin
LogPluginManager: Loaded Plugin AudioCapture, From E:/Programs/Epic Games/Epic Games/4.14/Engine/Plugins/Editor/AudioCapture/AudioCapture.uplugin
LogPluginManager: Loaded Plugin EpicSurvey, From E:/Programs/Epic Games/Epic Games/4.14/Engine/Plugins/Editor/EpicSurvey/EpicSurvey.uplugin
LogPluginManager: Loaded Plugin MacGraphicsSwitching, From E:/Programs/Epic Games/Epic Games/4.14/Engine/Plugins/Editor/MacGraphicsSwitching/MacGraphicsSwitching.uplugin
LogPluginManager: Loaded Plugin MobileLauncherProfileWizard, From E:/Programs/Epic Games/Epic Games/4.14/Engine/Plugins/Editor/MobileLauncherProfileWizard/MobileLauncherProfileWizard.uplugin
LogPluginManager: Loaded Plugin PluginBrowser, From E:/Programs/Epic Games/Epic Games/4.14/Engine/Plugins/Editor/PluginBrowser/PluginBrowser.uplugin
LogPluginManager: Loaded Plugin SpeedTreeImporter, From E:/Programs/Epic Games/Epic Games/4.14/Engine/Plugins/Editor/SpeedTreeImporter/SpeedTreeImporter.uplugin
LogPluginManager: Loaded Plugin SuperSearchEditor, From E:/Programs/Epic Games/Epic Games/4.14/Engine/Plugins/Editor/SuperSearchEditor/SuperSearchEditor.uplugin
LogPluginManager: Loaded Plugin AlembicImporter, From E:/Programs/Epic Games/Epic Games/4.14/Engine/Plugins/Experimental/AlembicImporter/AlembicImporter.uplugin
LogPluginManager: Loaded Plugin BlueprintStats, From E:/Programs/Epic Games/Epic Games/4.14/Engine/Plugins/Experimental/BlueprintStats/BlueprintStats.uplugin
LogPluginManager: Loaded Plugin CharacterAI, From E:/Programs/Epic Games/Epic Games/4.14/Engine/Plugins/Experimental/CharacterAI/CharacterAI.uplugin
LogPluginManager: Loaded Plugin CodeEditor, From E:/Programs/Epic Games/Epic Games/4.14/Engine/Plugins/Experimental/CodeEditor/CodeEditor.uplugin
LogPluginManager: Loaded Plugin CodeView, From E:/Programs/Epic Games/Epic Games/4.14/Engine/Plugins/Experimental/CodeView/CodeView.uplugin
LogPluginManager: Loaded Plugin HTML5Networking, From E:/Programs/Epic Games/Epic Games/4.14/Engine/Plugins/Experimental/HTML5Networking/HTML5Networking.uplugin
LogPluginManager: Loaded Plugin OSVR, From E:/Programs/Epic Games/Epic Games/4.14/Engine/Plugins/Experimental/OSVR/OSVR.uplugin
LogPluginManager: Loaded Plugin Phya, From E:/Programs/Epic Games/Epic Games/4.14/Engine/Plugins/Experimental/Phya/Phya.uplugin
LogPluginManager: Loaded Plugin SignificanceManager, From E:/Programs/Epic Games/Epic Games/4.14/Engine/Plugins/Experimental/SignificanceManager/SignificanceManager.uplugin
LogPluginManager: Loaded Plugin SimpleHMD, From E:/Programs/Epic Games/Epic Games/4.14/Engine/Plugins/Experimental/SimpleHMD/SimpleHMD.uplugin
LogPluginManager: Loaded Plugin StereoPanorama, From E:/Programs/Epic Games/Epic Games/4.14/Engine/Plugins/Experimental/StereoPanorama/StereoPanorama.uplugin
LogPluginManager: Loaded Plugin StructBox, From E:/Programs/Epic Games/Epic Games/4.14/Engine/Plugins/Experimental/StructBox/StructBox.uplugin
LogPluginManager: Loaded Plugin AndroidMedia, From E:/Programs/Epic Games/Epic Games/4.14/Engine/Plugins/Media/AndroidMedia/AndroidMedia.uplugin
LogPluginManager: Loaded Plugin AvfMedia, From E:/Programs/Epic Games/Epic Games/4.14/Engine/Plugins/Media/AvfMedia/AvfMedia.uplugin
LogPluginManager: Loaded Plugin MediaPlayerEditor, From E:/Programs/Epic Games/Epic Games/4.14/Engine/Plugins/Media/MediaPlayerEditor/MediaPlayerEditor.uplugin
LogPluginManager: Loaded Plugin WmfMedia, From E:/Programs/Epic Games/Epic Games/4.14/Engine/Plugins/Media/WmfMedia/WmfMedia.uplugin
LogPluginManager: Loaded Plugin MessagingDebugger, From E:/Programs/Epic Games/Epic Games/4.14/Engine/Plugins/Messaging/MessagingDebugger/MessagingDebugger.uplugin
LogPluginManager: Loaded Plugin TcpMessaging, From E:/Programs/Epic Games/Epic Games/4.14/Engine/Plugins/Messaging/TcpMessaging/TcpMessaging.uplugin
LogPluginManager: Loaded Plugin UdpMessaging, From E:/Programs/Epic Games/Epic Games/4.14/Engine/Plugins/Messaging/UdpMessaging/UdpMessaging.uplugin
LogPluginManager: Loaded Plugin LevelSequenceEditor, From E:/Programs/Epic Games/Epic Games/4.14/Engine/Plugins/MovieScene/LevelSequenceEditor/LevelSequenceEditor.uplugin
LogPluginManager: Loaded Plugin MatineeToLevelSequence, From E:/Programs/Epic Games/Epic Games/4.14/Engine/Plugins/MovieScene/MatineeToLevelSequence/MatineeToLevelSequence.uplugin
LogPluginManager: Loaded Plugin NetcodeUnitTest, From E:/Programs/Epic Games/Epic Games/4.14/Engine/Plugins/NetcodeUnitTest/NetcodeUnitTest/NetcodeUnitTest.uplugin
LogPluginManager: Loaded Plugin NUTUnrealEngine4, From E:/Programs/Epic Games/Epic Games/4.14/Engine/Plugins/NetcodeUnitTest/NUTUnrealEngine4/NUTUnrealEngine4.uplugin
LogPluginManager: Loaded Plugin OnlineSubsystemGameCircle, From E:/Programs/Epic Games/Epic Games/4.14/Engine/Plugins/Online/Android/OnlineSubsystemGameCircle/OnlineSubsystemGameCircle.uplugin
LogPluginManager: Loaded Plugin OnlineSubsystemGooglePlay, From E:/Programs/Epic Games/Epic Games/4.14/Engine/Plugins/Online/Android/OnlineSubsystemGooglePlay/OnlineSubsystemGooglePlay.uplugin
LogPluginManager: Loaded Plugin OnlineSubsystemIOS, From E:/Programs/Epic Games/Epic Games/4.14/Engine/Plugins/Online/IOS/OnlineSubsystemIOS/OnlineSubsystemIOS.uplugin
LogPluginManager: Loaded Plugin OnlineFramework, From E:/Programs/Epic Games/Epic Games/4.14/Engine/Plugins/Online/OnlineFramework/OnlineFramework.uplugin
LogPluginManager: Loaded Plugin OnlineSubsystem, From E:/Programs/Epic Games/Epic Games/4.14/Engine/Plugins/Online/OnlineSubsystem/OnlineSubsystem.uplugin
LogPluginManager: Loaded Plugin OnlineSubsystemAmazon, From E:/Programs/Epic Games/Epic Games/4.14/Engine/Plugins/Online/OnlineSubsystemAmazon/OnlineSubsystemAmazon.uplugin
LogPluginManager: Loaded Plugin OnlineSubsystemFacebook, From E:/Programs/Epic Games/Epic Games/4.14/Engine/Plugins/Online/OnlineSubsystemFacebook/OnlineSubsystemFacebook.uplugin
LogPluginManager: Loaded Plugin OnlineSubsystemNull, From E:/Programs/Epic Games/Epic Games/4.14/Engine/Plugins/Online/OnlineSubsystemNull/OnlineSubsystemNull.uplugin
LogPluginManager: Loaded Plugin OnlineSubsystemOculus, From E:/Programs/Epic Games/Epic Games/4.14/Engine/Plugins/Online/OnlineSubsystemOculus/OnlineSubsystemOculus.uplugin
LogPluginManager: Loaded Plugin OnlineSubsystemSteam, From E:/Programs/Epic Games/Epic Games/4.14/Engine/Plugins/Online/OnlineSubsystemSteam/OnlineSubsystemSteam.uplugin
LogPluginManager: Loaded Plugin OnlineSubsystemUtils, From E:/Programs/Epic Games/Epic Games/4.14/Engine/Plugins/Online/OnlineSubsystemUtils/OnlineSubsystemUtils.uplugin
LogPluginManager: Loaded Plugin IOSTapJoy, From E:/Programs/Epic Games/Epic Games/4.14/Engine/Plugins/Runtime/Advertising/IOSTapJoy/IOSTapJoy.uplugin
LogPluginManager: Loaded Plugin AnalyticsBlueprintLibrary, From E:/Programs/Epic Games/Epic Games/4.14/Engine/Plugins/Runtime/Analytics/AnalyticsBlueprintLibrary/AnalyticsBlueprintLibrary.uplugin
LogPluginManager: Loaded Plugin AnalyticsMulticast, From E:/Programs/Epic Games/Epic Games/4.14/Engine/Plugins/Runtime/Analytics/AnalyticsMulticast/AnalyticsMulticast.uplugin
LogPluginManager: Loaded Plugin Apsalar, From E:/Programs/Epic Games/Epic Games/4.14/Engine/Plugins/Runtime/Analytics/Apsalar/Apsalar.uplugin
LogPluginManager: Loaded Plugin FileLogging, From E:/Programs/Epic Games/Epic Games/4.14/Engine/Plugins/Runtime/Analytics/FileLogging/FileLogging.uplugin
LogPluginManager: Loaded Plugin Flurry, From E:/Programs/Epic Games/Epic Games/4.14/Engine/Plugins/Runtime/Analytics/Flurry/Flurry.uplugin
LogPluginManager: Loaded Plugin AndroidDeviceProfileSelector, From E:/Programs/Epic Games/Epic Games/4.14/Engine/Plugins/Runtime/AndroidDeviceProfileSelector/AndroidDeviceProfileSelector.uplugin
LogPluginManager: Loaded Plugin AndroidMoviePlayer, From E:/Programs/Epic Games/Epic Games/4.14/Engine/Plugins/Runtime/AndroidMoviePlayer/AndroidMoviePlayer.uplugin
LogPluginManager: Loaded Plugin AppleMoviePlayer, From E:/Programs/Epic Games/Epic Games/4.14/Engine/Plugins/Runtime/AppleMoviePlayer/AppleMoviePlayer.uplugin
LogPluginManager: Loaded Plugin ArchVisCharacter, From E:/Programs/Epic Games/Epic Games/4.14/Engine/Plugins/Runtime/ArchVisCharacter/ArchVisCharacter.uplugin
LogPluginManager: Loaded Plugin CableComponent, From E:/Programs/Epic Games/Epic Games/4.14/Engine/Plugins/Runtime/CableComponent/CableComponent.uplugin
LogPluginManager: Loaded Plugin CustomMeshComponent, From E:/Programs/Epic Games/Epic Games/4.14/Engine/Plugins/Runtime/CustomMeshComponent/CustomMeshComponent.uplugin
LogPluginManager: Loaded Plugin ExampleDeviceProfileSelector, From E:/Programs/Epic Games/Epic Games/4.14/Engine/Plugins/Runtime/ExampleDeviceProfileSelector/ExampleDeviceProfileSelector.uplugin
LogPluginManager: Loaded Plugin GearVR, From E:/Programs/Epic Games/Epic Games/4.14/Engine/Plugins/Runtime/GearVR/GearVR.uplugin
LogPluginManager: Loaded Plugin GoogleVRController, From E:/Programs/Epic Games/Epic Games/4.14/Engine/Plugins/Runtime/GoogleVR/GoogleVRController/GoogleVRController.uplugin
LogPluginManager: Loaded Plugin GoogleVRHMD, From E:/Programs/Epic Games/Epic Games/4.14/Engine/Plugins/Runtime/GoogleVR/GoogleVRHMD/GoogleVRHMD.uplugin
LogPluginManager: Loaded Plugin IOSDeviceProfileSelector, From E:/Programs/Epic Games/Epic Games/4.14/Engine/Plugins/Runtime/IOSDeviceProfileSelector/IOSDeviceProfileSelector.uplugin
LogPluginManager: Loaded Plugin LeapMotion, From E:/Programs/Epic Games/Epic Games/4.14/Engine/Plugins/Runtime/LeapMotion/LeapMotion.uplugin
LogPluginManager: Loaded Plugin LinuxDeviceProfileSelector, From E:/Programs/Epic Games/Epic Games/4.14/Engine/Plugins/Runtime/LinuxDeviceProfileSelector/LinuxDeviceProfileSelector.uplugin
LogPluginManager: Loaded Plugin MIDIDevice, From E:/Programs/Epic Games/Epic Games/4.14/Engine/Plugins/Runtime/MIDIDevice/MIDIDevice.uplugin
LogPluginManager: Loaded Plugin MobilePatchingUtils, From E:/Programs/Epic Games/Epic Games/4.14/Engine/Plugins/Runtime/MobilePatchingUtils/MobilePatchingUtils.uplugin
LogPluginManager: Loaded Plugin Ansel, From E:/Programs/Epic Games/Epic Games/4.14/Engine/Plugins/Runtime/Nvidia/Ansel/Ansel.uplugin
LogPluginManager: Loaded Plugin OculusAudio, From E:/Programs/Epic Games/Epic Games/4.14/Engine/Plugins/Runtime/OculusAudio/OculusAudio.uplugin
LogPluginManager: Loaded Plugin OculusInput, From E:/Programs/Epic Games/Epic Games/4.14/Engine/Plugins/Runtime/OculusInput/OculusInput.uplugin
LogPluginManager: Loaded Plugin OculusLibrary, From E:/Programs/Epic Games/Epic Games/4.14/Engine/Plugins/Runtime/OculusLibrary/OculusLibrary.uplugin
LogPluginManager: Loaded Plugin OculusRift, From E:/Programs/Epic Games/Epic Games/4.14/Engine/Plugins/Runtime/OculusRift/OculusRift.uplugin
LogPluginManager: Loaded Plugin Oodle, From E:/Programs/Epic Games/Epic Games/4.14/Engine/Plugins/Runtime/PacketHandlers/CompressionComponents/Oodle/Oodle.uplugin
LogPluginManager: Loaded Plugin ProceduralMeshComponent, From E:/Programs/Epic Games/Epic Games/4.14/Engine/Plugins/Runtime/ProceduralMeshComponent/ProceduralMeshComponent.uplugin
LogPluginManager: Loaded Plugin SoundMod, From E:/Programs/Epic Games/Epic Games/4.14/Engine/Plugins/Runtime/SoundMod/SoundMod.uplugin
LogPluginManager: Loaded Plugin SoundVisualizations, From E:/Programs/Epic Games/Epic Games/4.14/Engine/Plugins/Runtime/SoundVisualizations/SoundVisualizations.uplugin
LogPluginManager: Loaded Plugin SteamController, From E:/Programs/Epic Games/Epic Games/4.14/Engine/Plugins/Runtime/Steam/SteamController/SteamController.uplugin
LogPluginManager: Loaded Plugin SteamVR, From E:/Programs/Epic Games/Epic Games/4.14/Engine/Plugins/Runtime/Steam/SteamVR/SteamVR.uplugin
LogPluginManager: Loaded Plugin WebBrowserWidget, From E:/Programs/Epic Games/Epic Games/4.14/Engine/Plugins/Runtime/WebBrowserWidget/WebBrowserWidget.uplugin
LogPluginManager: Loaded Plugin WindowsDeviceProfileSelector, From E:/Programs/Epic Games/Epic Games/4.14/Engine/Plugins/Runtime/WindowsDeviceProfileSelector/WindowsDeviceProfileSelector.uplugin
LogPluginManager: Loaded Plugin WindowsMoviePlayer, From E:/Programs/Epic Games/Epic Games/4.14/Engine/Plugins/Runtime/WindowsMoviePlayer/WindowsMoviePlayer.uplugin
LogPluginManager: Loaded Plugin ScriptPlugin, From E:/Programs/Epic Games/Epic Games/4.14/Engine/Plugins/ScriptPlugin/ScriptPlugin.uplugin
LogPluginManager: Loaded Plugin SlateRemote, From E:/Programs/Epic Games/Epic Games/4.14/Engine/Plugins/Slate/SlateRemote/SlateRemote.uplugin
LogPluginManager: Loaded Plugin EditorTests, From E:/Programs/Epic Games/Epic Games/4.14/Engine/Plugins/Tests/EditorTests/EditorTests.uplugin
LogPluginManager: Loaded Plugin FbxAutomationTestBuilder, From E:/Programs/Epic Games/Epic Games/4.14/Engine/Plugins/Tests/FbxAutomationTestBuilder/FbxAutomationTestBuilder.uplugin
LogPluginManager: Loaded Plugin FunctionalTestingEditor, From E:/Programs/Epic Games/Epic Games/4.14/Engine/Plugins/Tests/FunctionalTestingEditor/FunctionalTestingEditor.uplugin
LogPluginManager: Loaded Plugin RuntimeTests, From E:/Programs/Epic Games/Epic Games/4.14/Engine/Plugins/Tests/RuntimeTests/RuntimeTests.uplugin
LogPluginManager: Loaded Plugin ScreenshotTools, From E:/Programs/Epic Games/Epic Games/4.14/Engine/Plugins/Tests/ScreenshotTools/ScreenshotTools.uplugin
LogInit: Using libcurl 7.47.1
LogInit:  - built for x86_64-pc-win32
LogInit:  - supports SSL with OpenSSL/1.0.2g
LogInit:  - supports HTTP deflate (compression) using libz 1.2.8
LogInit:  - other features:
LogInit:      CURL_VERSION_SSL
LogInit:      CURL_VERSION_LIBZ
LogInit:      CURL_VERSION_IPV6
LogInit:      CURL_VERSION_ASYNCHDNS
LogInit:      CURL_VERSION_LARGEFILE
LogInit:      CURL_VERSION_IDN
LogInit:  CurlRequestOptions (configurable via config and command line):
LogInit:  - bVerifyPeer = false  - Libcurl will NOT verify peer certificate
LogInit:  - bUseHttpProxy = false  - Libcurl will NOT use HTTP proxy
LogInit:  - bDontReuseConnections = false  - Libcurl will reuse connections
LogInit:  - CertBundlePath = nullptr  - Libcurl will use whatever was configured at build time.
LogInit: Build: ++UE4+Release-4.14-CL-3241561
LogInit: Engine Version: 4.14.2-3241561+++UE4+Release-4.14
LogInit: Compatible Engine Version: 4.14.0-3195953+++UE4+Release-4.14
LogInit: Net CL: 3195953
LogDevObjectVersion: Number of dev versions registered: 13
LogDevObjectVersion:   Dev-Blueprints (B0D832E4-1F89-4F0D-ACCF-7EB736FD4AA2): 7
LogDevObjectVersion:   Dev-Build (E1C64328-A22C-4D53-A36C-8E866417BD8C): 0
LogDevObjectVersion:   Dev-Core (375EC13C-06E4-48FB-B500-84F0262A717E): 1
LogDevObjectVersion:   Dev-Editor (E4B068ED-F494-42E9-A231-DA0B2E46BB41): 8
LogDevObjectVersion:   Dev-Framework (CFFC743F-43B0-4480-9391-14DF171D2073): 17
LogDevObjectVersion:   Dev-Mobile (B02B49B5-BB20-44E9-A304-32B752E40360): 0
LogDevObjectVersion:   Dev-Networking (A4E4105C-59A1-49B5-A7C5-40C4547EDFEE): 0
LogDevObjectVersion:   Dev-Online (39C831C9-5AE6-47DC-9A44-9C173E1C8E7C): 0
LogDevObjectVersion:   Dev-Physics (78F01B33-EBEA-4F98-B9B4-84EACCB95AA2): 0
LogDevObjectVersion:   Dev-Platform (6631380F-2D4D-43E0-8009-CF276956A95A): 0
LogDevObjectVersion:   Dev-Rendering (12F88B9F-8875-4AFC-A67C-D90C383ABD29): 12
LogDevObjectVersion:   Dev-Sequencer (7B5AE74C-D270-4C10-A958-57980B212A5A): 1
LogDevObjectVersion:   Dev-VR (D7296918-1DD6-4BDD-9DE2-64A83CC13884): 0
LogInit: Compiled (64-bit): Dec 21 2016 02:13:27
LogInit: Compiled with Visual C++: 19.00.23026.00
LogInit: Build Configuration: Development
LogInit: Branch Name: ++UE4+Release-4.14
LogInit: Command line: -EpicPortal 
LogInit: Base directory: E:/Programs/Epic Games/Epic Games/4.14/Engine/Binaries/Win64/
LogInit: Installed Engine Build: 1
LogInit: Presizing for max 8388607 objects, including 0 objects not considered by GC, pre-allocating 0 bytes for permanent pool.
LogInit: Object subsystem initialized
[2017.01.04-23.38.27:588][  0]LogInit: Selected Device Profile: [Windows]
[2017.01.04-23.38.27:588][  0]LogInit: Applying CVar settings loaded from the selected device profile: [Windows]
[2017.01.04-23.38.27:610][  0]LogInit: Computer: MSI
[2017.01.04-23.38.27:610][  0]LogInit: User: bchie
[2017.01.04-23.38.27:610][  0]LogInit: CPU Page size=65536, Cores=4
[2017.01.04-23.38.27:610][  0]LogInit: High frequency timer resolution =2.531254 MHz
[2017.01.04-23.38.27:610][  0]LogMemory: Memory total: Physical=15.9GB (16GB approx)
[2017.01.04-23.38.27:610][  0]LogMemory: Platform Memory Stats for Windows
[2017.01.04-23.38.27:610][  0]LogMemory: Process Physical Memory: 264.59 MB used, 264.59 MB peak
[2017.01.04-23.38.27:610][  0]LogMemory: Process Virtual Memory: 262.76 MB used, 262.76 MB peak
[2017.01.04-23.38.27:610][  0]LogMemory: Physical Memory: 7525.52 MB used,  8743.61 MB free, 16269.14 MB total
[2017.01.04-23.38.27:610][  0]LogMemory: Virtual Memory: 676.41 MB used,  8743.61 MB free, 134217728.00 MB total
[2017.01.04-23.38.27:839][  0]LogTextLocalizationManager: No specific translations for ('en-US') exist, so ('en') translations will be used.
[2017.01.04-23.38.29:220][  0]LogD3D11RHI: D3D11 adapters:
[2017.01.04-23.38.29:255][  0]LogD3D11RHI:    0. 'NVIDIA GeForce GTX 1060' (Feature Level 11_0)
[2017.01.04-23.38.29:255][  0]LogD3D11RHI:       6100/0/8134 MB DedicatedVideo/DedicatedSystem/SharedSystem, Outputs:1, VendorId:0x10de
[2017.01.04-23.38.29:264][  0]LogD3D11RHI:    1. 'Intel(R) HD Graphics 530' (Feature Level 11_0)
[2017.01.04-23.38.29:264][  0]LogD3D11RHI:       128/0/8134 MB DedicatedVideo/DedicatedSystem/SharedSystem, Outputs:0, VendorId:0x8086
[2017.01.04-23.38.29:266][  0]LogD3D11RHI:    2. 'Microsoft Basic Render Driver' (Feature Level 11_0)
[2017.01.04-23.38.29:266][  0]LogD3D11RHI:       0/0/8134 MB DedicatedVideo/DedicatedSystem/SharedSystem, Outputs:0, VendorId:0x1414
[2017.01.04-23.38.29:266][  0]LogD3D11RHI: Chosen D3D11 Adapter: 0
[2017.01.04-23.38.29:273][  0]LogD3D11RHI: Creating new Direct3DDevice
[2017.01.04-23.38.29:273][  0]LogD3D11RHI:     GPU DeviceId: 0x1c20 (for the marketing name, search the web for "GPU Device Id")
[2017.01.04-23.38.29:273][  0]LogWindows: EnumDisplayDevices:
[2017.01.04-23.38.29:274][  0]LogWindows:    0. 'Intel(R) HD Graphics 530' (P:1 D:1)
[2017.01.04-23.38.29:274][  0]LogWindows:    1. 'Intel(R) HD Graphics 530' (P:0 D:0)
[2017.01.04-23.38.29:274][  0]LogWindows:    2. 'Intel(R) HD Graphics 530' (P:0 D:0)
[2017.01.04-23.38.29:275][  0]LogWindows:    3. 'NVIDIA GeForce GTX 1060' (P:0 D:0)
[2017.01.04-23.38.29:275][  0]LogWindows:    4. 'NVIDIA GeForce GTX 1060' (P:0 D:0)
[2017.01.04-23.38.29:275][  0]LogWindows:    5. 'NVIDIA GeForce GTX 1060' (P:0 D:0)
[2017.01.04-23.38.29:276][  0]LogWindows:    6. 'NVIDIA GeForce GTX 1060' (P:0 D:0)
[2017.01.04-23.38.29:276][  0]LogWindows: DebugString: PrimaryIsNotTheChoosenAdapter PrimaryIsNotTheChoosenAdapter PrimaryIsNotTheChoosenAdapter FoundDriverCount:4 
[2017.01.04-23.38.29:276][  0]LogD3D11RHI:     Adapter Name: NVIDIA GeForce GTX 1060
[2017.01.04-23.38.29:276][  0]LogD3D11RHI:   Driver Version: 369.09 (internal:21.21.13.6909, unified:369.09)
[2017.01.04-23.38.29:276][  0]LogD3D11RHI:      Driver Date: 8-1-2016
[2017.01.04-23.38.29:276][  0]LogRHI: Texture pool is 1361 MB (70% of 1945 MB)
[2017.01.04-23.38.29:291][  0]LogD3D11RHI: Async texture creation enabled
[2017.01.04-23.38.29:304][  0]LogD3D11RHI: GPU Timing Frequency: 1000.000000 (Debug: 2 1)
[2017.01.04-23.38.29:305][  0]LogShaderCompilers: Guid format shader working directory is -11 characters bigger than the processId version (../../../../../../../Documents/Unreal Projects/TetrisGame/Intermediate/Shaders/WorkingDirectory/7340/).
[2017.01.04-23.38.29:305][  0]LogShaderCompilers: Cleaned the shader compiler working directory 'C:/Users/bchie/AppData/Local/Temp/UnrealShaderWorkingDir/023F640546CAFFD36862FCBE7A296675/'.
[2017.01.04-23.38.29:305][  0]LogShaderCompilers:Display: Using Local Shader Compiler.
[2017.01.04-23.38.31:027][  0]LogTemp:Display: Loaded TP AllDesktopTargetPlatform
[2017.01.04-23.38.31:199][  0]LogTemp:Display: Loaded TP MacClientTargetPlatform
[2017.01.04-23.38.31:368][  0]LogTemp:Display: Loaded TP MacNoEditorTargetPlatform
[2017.01.04-23.38.31:537][  0]LogTemp:Display: Loaded TP MacServerTargetPlatform
[2017.01.04-23.38.31:715][  0]LogTemp:Display: Loaded TP MacTargetPlatform
[2017.01.04-23.38.31:898][  0]LogTemp:Display: Loaded TP WindowsClientTargetPlatform
[2017.01.04-23.38.32:074][  0]LogTemp:Display: Loaded TP WindowsNoEditorTargetPlatform
[2017.01.04-23.38.32:252][  0]LogTemp:Display: Loaded TP WindowsServerTargetPlatform
[2017.01.04-23.38.32:417][  0]LogTemp:Display: Loaded TP WindowsTargetPlatform
[2017.01.04-23.38.32:588][  0]LogTemp:Display: Loaded TP AndroidTargetPlatform
[2017.01.04-23.38.32:773][  0]LogTemp:Display: Loaded TP Android_ASTCTargetPlatform
[2017.01.04-23.38.32:933][  0]LogTemp:Display: Loaded TP Android_ATCTargetPlatform
[2017.01.04-23.38.33:112][  0]LogTemp:Display: Loaded TP Android_DXTTargetPlatform
[2017.01.04-23.38.33:279][  0]LogTemp:Display: Loaded TP Android_ETC1TargetPlatform
[2017.01.04-23.38.33:456][  0]LogTemp:Display: Loaded TP Android_ETC2TargetPlatform
[2017.01.04-23.38.33:785][  0]LogTemp:Display: Loaded TP Android_MultiTargetPlatform
[2017.01.04-23.38.33:785][  0]LogTemp:Display: Loaded TP Android_PVRTCTargetPlatform
[2017.01.04-23.38.33:936][  0]LogTemp:Display: Loaded TP HTML5TargetPlatform
[2017.01.04-23.38.34:295][  0]LogTemp:Display: Loaded TP IOSTargetPlatform
[2017.01.04-23.38.34:401][  0]LogTemp:Display: Loaded TP TVOSTargetPlatform
[2017.01.04-23.38.34:593][  0]LogTemp:Display: Loaded TP LinuxClientTargetPlatform
[2017.01.04-23.38.34:768][  0]LogTemp:Display: Loaded TP LinuxNoEditorTargetPlatform
[2017.01.04-23.38.34:939][  0]LogTemp:Display: Loaded TP LinuxServerTargetPlatform
[2017.01.04-23.38.35:119][  0]LogTemp:Display: Loaded TP LinuxTargetPlatform
[2017.01.04-23.38.35:119][  0]LogTargetPlatformManager:Display: Building Assets For Windows
[2017.01.04-23.38.36:676][  0]LogDerivedDataCache:Display: Max Cache Size: 512 MB
[2017.01.04-23.38.36:746][  0]LogDerivedDataCache: Loaded boot cache 0.07s 50MB C:/Users/bchie/AppData/Local/UnrealEngine/4.14/DerivedDataCache/Boot.ddc.
[2017.01.04-23.38.36:747][  0]LogDerivedDataCache:Display: Loaded Boot cache: C:/Users/bchie/AppData/Local/UnrealEngine/4.14/DerivedDataCache/Boot.ddc
[2017.01.04-23.38.36:747][  0]LogDerivedDataCache: FDerivedDataBackendGraph:  Pak pak cache file ../../../../../../../Documents/Unreal Projects/TetrisGame/DerivedDataCache/DDC.ddp not found, will not use a pak cache.
[2017.01.04-23.38.36:747][  0]LogDerivedDataCache: Unable to find inner node Pak for hierarchical cache Hierarchy.
[2017.01.04-23.38.36:747][  0]LogDerivedDataCache: FDerivedDataBackendGraph:  CompressedPak pak cache file ../../../../../../../Documents/Unreal Projects/TetrisGame/DerivedDataCache/Compressed.ddp not found, will not use a pak cache.
[2017.01.04-23.38.36:747][  0]LogDerivedDataCache: Unable to find inner node CompressedPak for hierarchical cache Hierarchy.
[2017.01.04-23.38.36:767][  0]LogDerivedDataCache:Display: Pak cache opened for reading ../../../Engine/DerivedDataCache/Compressed.ddp.
[2017.01.04-23.38.36:779][  0]LogDerivedDataCache: Using Local data cache path C:/Users/bchie/AppData/Local/UnrealEngine/Common/DerivedDataCache: Writable
[2017.01.04-23.38.37:107][  0]LogInit: Selected Device Profile: [Windows]
[2017.01.04-23.38.37:112][  0]LogContentStreaming: Texture pool size is 0.00 MB
[2017.01.04-23.38.37:690][  0]LogMeshUtilities: Using QuadricMeshReduction for automatic static mesh reduction
[2017.01.04-23.38.37:877][  0]LogSimplygon: Simplygon DLL not present - disabling.
[2017.01.04-23.38.38:047][  0]LogMeshUtilities: Using SimplygonSwarm for distributed automatic mesh merging
[2017.01.04-23.38.38:047][  0]LogMeshUtilities: No automatic skeletal mesh reduction module available
[2017.01.04-23.38.38:047][  0]LogMeshUtilities: No automatic mesh merging module available
[2017.01.04-23.38.38:972][  0]LogNetVersion: GetLocalNetworkVersion: CL: 3195953, ProjectName: tetrisgame, ProjectVersion: , EngineNetworkVersion: 2, GameNetworkVersion: 0, NetworkChecksum: 1868085115
[2017.01.04-23.38.39:089][  0]LogAssetRegistry: FAssetRegistry took 0.0218 seconds to start up
[2017.01.04-23.38.39:231][  0]LogPackageLocalizationCache: Processed 3 localized package path(s) for 2 prioritized culture(s) in 0.043432 seconds
[2017.01.04-23.38.39:239][  0]LogUObjectArray: 31946 objects as part of root set at end of initial load.
[2017.01.04-23.38.39:239][  0]LogUObjectAllocator: 6935848 out of 0 bytes used by permanent object pool.
[2017.01.04-23.38.39:239][  0]LogUObjectArray: CloseDisregardForGC: 0/0 objects in disregard for GC pool
[2017.01.04-23.38.39:523][  0]LogInit: WinSock: version 1.1 (2.2), MaxSocks=32767, MaxUdp=65467
[2017.01.04-23.38.42:488][  0]LogSlate: Using Freetype 2.6.0
[2017.01.04-23.38.42:489][  0]LogSlate: SlateFontCache - WITH_FREETYPE: 1, WITH_HARFBUZZ: 1
[2017.01.04-23.38.42:489][  0]LogSlate: SlateFontCache - WITH_FREETYPE: 1, WITH_HARFBUZZ: 1
[2017.01.04-23.38.44:138][  0]LogTcpMessaging: Initializing TcpMessaging bridge
[2017.01.04-23.38.44:297][  0]LogUdpMessaging: Initializing bridge on interface 0.0.0.0:0 to multicast group 230.0.0.1:6666.
[2017.01.04-23.38.45:254][  0]LogMaterial: Uniform references updated for custom material expression Custom.
[2017.01.04-23.38.46:509][  0]SourceControl: Info Source control is disabled
[2017.01.04-23.38.46:510][  0]SourceControl: Info Source control is disabled
[2017.01.04-23.38.46:688][  0]SourceControl: Info Source control is disabled
[2017.01.04-23.38.46:860][  0]SourceControl: Info Source control is disabled
[2017.01.04-23.38.51:480][  0]LogEngine: Initializing Engine...
[2017.01.04-23.38.51:481][  0]LogHMD: Failed to initialize OpenVR with code 110
[2017.01.04-23.38.52:103][  0]LogAIModule: Creating AISystem for world Untitled
[2017.01.04-23.38.52:142][  0]LogInit: XAudio2 using 'HeadPhone/Digital Output (Realtek High Definition Audio)' : 8 channels at 48 kHz using 32 bits per sample (channel mask 0x63f)
[2017.01.04-23.38.52:505][  0]LogInit: FAudioDevice initialized.
[2017.01.04-23.38.52:536][  0]LogDerivedDataCache: Saved boot cache 0.03s 50MB C:/Users/bchie/AppData/Local/UnrealEngine/4.14/DerivedDataCache/Boot.ddc.
[2017.01.04-23.38.52:550][  0]LogInit: Texture streaming: Enabled
[2017.01.04-23.38.53:260][  0]LogInit: Transaction tracking system initialized
[2017.01.04-23.38.54:564][  0]BlueprintLog: New page: Editor Load
[2017.01.04-23.38.58:060][  0]LocalizationService: Info Localization service is disabled
[2017.01.04-23.39.00:471][  0]LogConsoleResponse:Display: 
[2017.01.04-23.39.00:734][  0]LogFileCache: Scanning file cache for directory 'E:/Documents/Unreal Projects/TetrisGame/Content/' took 0.01s
[2017.01.04-23.39.00:734][  0]LogCook:Display: Max memory allowance for cook 16384mb min free memory 0mb
[2017.01.04-23.39.00:734][  0]LogCook:Display: Mobile HDR setting 1
[2017.01.04-23.39.04:220][  0]SourceControl: Info Source control is disabled
[2017.01.04-23.39.04:220][  0]Cmd: MAP LOAD FILE="../../../Engine/Content/Maps/Templates/Template_Default.umap" TEMPLATE=1 SHOWPROGRESS=1 FEATURELEVEL=3
[2017.01.04-23.39.04:221][  0]LightingResults: New page: Lighting Build
[2017.01.04-23.39.04:370][  0]MapCheck: New page: Map Check
[2017.01.04-23.39.04:370][  0]LightingResults: New page: Lighting Build
[2017.01.04-23.39.04:635][  0]LogAIModule: Creating AISystem for world Untitled_1
[2017.01.04-23.39.04:638][  0]LogActorComponent: RegisterComponentWithWorld: (/Temp/Untitled_1.Untitled_1:PersistentLevel.WorldSettings_1.StaticMeshComponent0) Trying to register component with IsPendingKill() == true. Aborting.
[2017.01.04-23.39.04:648][  0]LogEditorServer: Finished looking for orphan Actors (0.000 secs)
[2017.01.04-23.39.04:654][  0]Cmd: MAP CHECKDEP NOCLEARLOG
[2017.01.04-23.39.04:767][  0]MapCheck: Info Map check complete: 0 Error(s), 0 Warning(s), took 113.085ms to complete.
[2017.01.04-23.39.04:767][  0]LogFileHelpers: Loading map 'Template_Default' took 0.547
[2017.01.04-23.39.04:994][  0]LogCollectionManager: Loaded 0 collections in 0.002666 seconds
[2017.01.04-23.39.05:203][  0]LogFileCache: Scanning file cache for directory 'E:/Documents/Unreal Projects/TetrisGame/Saved/Collections/' took 0.01s
[2017.01.04-23.39.05:203][  0]LogFileCache: Scanning file cache for directory 'E:/Documents/Unreal Projects/TetrisGame/Content/Developers/bchie/Collections/' took 0.01s
[2017.01.04-23.39.05:203][  0]LogFileCache: Scanning file cache for directory 'E:/Documents/Unreal Projects/TetrisGame/Content/Collections/' took 0.01s
[2017.01.04-23.39.05:203][  0]LogCollectionManager: Rebuilt the GUID cache for 0 collections in 0.000002 seconds
[2017.01.04-23.39.05:215][  0]LogContentBrowser: Native class hierarchy populated in 0.0111 seconds. Added 2190 classes and 428 folders.
[2017.01.04-23.39.05:366][  0]LogStats: UGameplayTagsManager::ConstructGameplayTagTree: Construct from data asset -  0.000 s
[2017.01.04-23.39.05:366][  0]LogStats: UGameplayTagsManager::ConstructGameplayTagTree: GameplayTagTreeChangedEvent.Broadcast -  0.000 s
[2017.01.04-23.39.05:367][  0]LogContentBrowser: Native class hierarchy updated for 'GameplayTags' in 0.0009 seconds. Added 13 classes and 0 folders.
[2017.01.04-23.39.05:605][  0]LogContentBrowser: Native class hierarchy updated for 'WidgetCarousel' in 0.0006 seconds. Added 0 classes and 0 folders.
[2017.01.04-23.39.05:680][  0]LogContentBrowser: Native class hierarchy updated for 'AddContentDialog' in 0.0006 seconds. Added 0 classes and 0 folders.
[2017.01.04-23.39.05:837][  0]LogContentBrowser: Native class hierarchy updated for 'SceneOutliner' in 0.0007 seconds. Added 1 classes and 2 folders.
[2017.01.04-23.39.05:951][  0]LogCrashTracker: Crashtracker disabled due to settings.
[2017.01.04-23.39.05:960][  0]LogUObjectGlobals:Warning: Failed to find object 'Class None.'
[2017.01.04-23.39.06:137][  0]LogContentBrowser: Native class hierarchy updated for 'HierarchicalLODOutliner' in 0.0008 seconds. Added 1 classes and 2 folders.
[2017.01.04-23.39.06:137][  0]LogLoad: (Engine Initialization) Total time: 41.53 seconds
[2017.01.04-23.39.06:137][  0]LogLoad: (Engine Initialization) Total Blueprint compile time: 0.20 seconds
[2017.01.04-23.39.06:137][  0]LogExternalProfiler: Found external profiler: VSPerf
[2017.01.04-23.39.06:137][  0]LogExternalProfiler: Using external profiler: VSPerf
[2017.01.04-23.39.06:477][  0]LogOcInput: OculusInput pre-init called
[2017.01.04-23.39.06:500][  0]LogContentStreaming: Texture pool size now 1000 MB
[2017.01.04-23.39.06:676][  0]LogRenderer: Reallocating scene render targets to support 964x440 NumSamples 1 (Frame:2).
[2017.01.04-23.39.06:818][  1]LogAssetRegistry: Asset discovery search completed in 27.7503 seconds
[2017.01.04-23.39.06:818][  1]LogCollectionManager: Rebuilt the object cache for 0 collections in 0.000001 seconds (found 0 objects)
[2017.01.04-23.39.06:818][  1]LogCollectionManager: Fixed up redirectors for 0 collections in 0.000015 seconds (updated 0 objects)
[2017.01.04-23.39.09:810][ 10]LogEditorViewport: Clicking on Actor (LMB): StaticMeshActor (Floor)
[2017.01.04-23.39.12:677][231]LogEditorViewport: Clicking on Actor (LMB): AtmosphericFog (Atmospheric Fog)
[2017.01.04-23.39.13:455][291]LogEditorViewport: Clicking on Actor (LMB): DirectionalLight (Light Source)
[2017.01.04-23.39.14:193][344]LogEditorViewport: Clicking on Actor (LMB): PlayerStart (Player Start)
[2017.01.04-23.39.19:948][826]LogTemp: Repeting last play command: Selected Viewport
[2017.01.04-23.39.19:965][826]LogPlayLevel: PlayLevel: No blueprints needed recompiling
[2017.01.04-23.39.19:966][826]PIE: New page: PIE session: Untitled_1 (Jan 4, 2017, 7:39:19 AM)
[2017.01.04-23.39.19:966][826]LogPlayLevel: Creating play world package: /Temp/UEDPIE_0_Untitled_1
[2017.01.04-23.39.19:968][826]LogPlayLevel: PIE: StaticDuplicateObject took: (0.001946s)
[2017.01.04-23.39.19:968][826]LogAIModule: Creating AISystem for world Untitled_1
[2017.01.04-23.39.19:969][826]LogPlayLevel: PIE: World Init took: (0.000767s)
[2017.01.04-23.39.19:969][826]LogPlayLevel: PIE: Created PIE world by copying editor world from /Temp/Untitled_1.Untitled_1 to /Temp/UEDPIE_0_Untitled_1.Untitled_1 (0.003053s)
[2017.01.04-23.39.20:019][826]LogInit: XAudio2 using 'HeadPhone/Digital Output (Realtek High Definition Audio)' : 8 channels at 48 kHz using 32 bits per sample (channel mask 0x63f)
[2017.01.04-23.39.20:344][826]LogInit: FAudioDevice initialized.
[2017.01.04-23.39.20:394][826]LogLoad: Game class is 'GameModeBase'
[2017.01.04-23.39.20:397][826]LogWorld: Bringing World /Temp/UEDPIE_0_Untitled_1.Untitled_1 up for play (max tick rate 0) at 2017.01.04-15.39.20
[2017.01.04-23.39.20:397][826]LogWorld: Bringing up level for play took: 0.001192
[2017.01.04-23.39.20:401][826]LogTexture:Display: Building textures: VirtualJoystick_Background (BGRA8)
[2017.01.04-23.39.20:408][826]LogTexture:Display: Building textures: VirtualJoystick_Thumb (BGRA8)
[2017.01.04-23.39.20:556][826]LogContentBrowser: Native class hierarchy updated for 'MovieSceneCapture' in 0.0007 seconds. Added 11 classes and 0 folders.
[2017.01.04-23.39.20:557][826]PIE: Info Play in editor start time for /Temp/UEDPIE_0_Untitled_1 1.422
[2017.01.04-23.39.39:638][278]LogSlate: Only BGRA pngs, bmps or icos are supported in by External Image Picker
[2017.01.04-23.39.39:781][283]LogTemp:Display: Executing iPhonePackager certificates Engine -bundlename com.YourCompany.TetrisGame

[2017.01.04-23.39.39:782][283]LogTemp:Display: CWD: E:\Programs\Epic Games\Epic Games\4.14\Engine\Binaries\DotNet\IOS

[2017.01.04-23.39.39:782][283]LogTemp:Display: Initial Dir: E:\Programs\Epic Games\Epic Games\4.14

[2017.01.04-23.39.39:782][283]LogTemp:Display: Env CWD: E:\Programs\Epic Games\Epic Games\4.14\Engine\Binaries\DotNet\IOS

[2017.01.04-23.39.39:782][283]LogTemp:Display: BranchPath = MSI/E/Programs/Epic Games/Epic Games/4.14/Engine/Binaries --- GameBranchPath = MSI/E/Programs/Epic Games/Epic Games/4.14/Engine/Binaries

[2017.01.04-23.39.39:841][287]LogTemp:Display: IPP ERROR: Application exception: System.IO.DirectoryNotFoundException: Could not find a part of the path 'C:\Users\bchie\AppData\Local\Apple Computer\MobileDevice\Provisioning Profiles'.

[2017.01.04-23.39.39:841][287]LogTemp:Display:    at System.IO.__Error.WinIOError(Int32 errorCode, String maybeFullPath)

[2017.01.04-23.39.39:841][287]LogTemp:Display:    at System.IO.FileSystemEnumerableIterator`1.CommonInit()

[2017.01.04-23.39.39:841][287]LogTemp:Display:    at System.IO.Directory.EnumerateFiles(String path, String searchPattern)

[2017.01.04-23.39.39:841][287]LogTemp:Display:    at iPhonePackager.CodeSignatureBuilder.FindProvisions(String CFBundleIdentifier)

[2017.01.04-23.39.39:841][287]LogTemp:Display:    at iPhonePackager.Program.Main(String[] args)

[2017.01.04-23.41.09:422][284]LogEditorViewport: Clicking on Actor (LMB): StaticMeshActor (Floor)
[2017.01.04-23.41.13:603][629]LogSlate: Only BGRA pngs, bmps or icos are supported in by External Image Picker
[2017.01.04-23.41.13:700][635]LogTemp:Display: Executing iPhonePackager certificates Engine -bundlename com.YourCompany.TetrisGame

[2017.01.04-23.41.13:700][635]LogTemp:Display: CWD: E:\Programs\Epic Games\Epic Games\4.14\Engine\Binaries\DotNet\IOS

[2017.01.04-23.41.13:700][635]LogTemp:Display: Initial Dir: E:\Programs\Epic Games\Epic Games\4.14

[2017.01.04-23.41.13:701][635]LogTemp:Display: Env CWD: E:\Programs\Epic Games\Epic Games\4.14\Engine\Binaries\DotNet\IOS

[2017.01.04-23.41.13:701][635]LogTemp:Display: BranchPath = MSI/E/Programs/Epic Games/Epic Games/4.14/Engine/Binaries --- GameBranchPath = MSI/E/Programs/Epic Games/Epic Games/4.14/Engine/Binaries

[2017.01.04-23.41.13:727][637]LogTemp:Display: IPP ERROR: Application exception: System.IO.DirectoryNotFoundException: Could not find a part of the path 'C:\Users\bchie\AppData\Local\Apple Computer\MobileDevice\Provisioning Profiles'.

[2017.01.04-23.41.13:727][637]LogTemp:Display:    at System.IO.__Error.WinIOError(Int32 errorCode, String maybeFullPath)

[2017.01.04-23.41.13:727][637]LogTemp:Display:    at System.IO.FileSystemEnumerableIterator`1.CommonInit()

[2017.01.04-23.41.13:727][637]LogTemp:Display:    at System.IO.Directory.EnumerateFiles(String path, String searchPattern)

[2017.01.04-23.41.13:727][637]LogTemp:Display:    at iPhonePackager.CodeSignatureBuilder.FindProvisions(String CFBundleIdentifier)

[2017.01.04-23.41.13:727][637]LogTemp:Display:    at iPhonePackager.Program.Main(String[] args)

[2017.01.04-23.45.21:989][953]LogUProjectInfo: Found projects:
[2017.01.04-23.45.23:169][ 69]Cmd: CLOSE_SLATE_MAINFRAME
[2017.01.04-23.45.23:499][ 70]Cmd: QUIT_EDITOR
[2017.01.04-23.45.23:900][ 70]LogWindowsTextInputMethodSystem:Display: IME system now deactivated.
[2017.01.04-23.45.23:927][ 70]LogExit: Preparing to exit.
[2017.01.04-23.45.24:631][ 70]LogDirectoryWatcher: A directory notification for 'E:/Documents/Unreal Projects/TetrisGame/Content/' was aborted.
[2017.01.04-23.45.24:648][ 70]LogExit: Editor shut down
[2017.01.04-23.45.24:648][ 70]LogExit: Transaction tracking system shut down
[2017.01.04-23.45.24:707][ 70]LogObj: Freed 0b from 0 cluster array pools.
[2017.01.04-23.45.24:707][ 70]LogExit: Object subsystem successfully closed.
[2017.01.04-23.45.24:718][ 70]LogD3D11RHI: Shutdown
[2017.01.04-23.45.24:718][ 70]LogD3D11RHI: CleanupD3DDevice
[2017.01.04-23.45.24:792][ 70]LogD3D11RHI: ~FD3D11DynamicRHI
[2017.01.04-23.45.24:840][ 70]LogHttp:Display: Http module shutting down, but needs to wait on 1 outstanding Http requests:
[2017.01.04-23.45.24:840][ 70]LogHttp:Display: 	verb=[POST] url=[https://datarouter.ol.epicgames.com/datarouter/api/v1/public/data?SessionID=%7B94767CA7-4638-CDE4-1EE3-78889E01CA4E%7D&AppID=UEEditor.Rocket.Release&AppVersion=4.14.2-3241561%2B%2B%2BUE4%2BRelease-4.14&UserID=95687c1a4b78b13429e3b3a3d65b4add%7C56e8373f4e9445b2970021e5d3bd663b%7C6bb20f5b-b6a0-4a13-8207-a7890d847831&AppEnvironment=datacollector-binary&UploadType=eteventstream] status=Processing
[2017.01.04-23.45.24:855][ 70]LogModuleManager: Shutting down and abandoning module ExternalImagePicker (243)
[2017.01.04-23.45.24:855][ 70]LogModuleManager: Shutting down and abandoning module MovieSceneCapture (242)
[2017.01.04-23.45.24:855][ 70]LogModuleManager: Shutting down and abandoning module HierarchicalLODOutliner (241)
[2017.01.04-23.45.24:855][ 70]LogModuleManager: Shutting down and abandoning module CrashTracker (240)
[2017.01.04-23.45.24:855][ 70]LogModuleManager: Shutting down and abandoning module SceneOutliner (239)
[2017.01.04-23.45.24:855][ 70]LogModuleManager: Shutting down and abandoning module WidgetCarousel (238)
[2017.01.04-23.45.24:855][ 70]LogModuleManager: Shutting down and abandoning module AddContentDialog (237)
[2017.01.04-23.45.24:855][ 70]LogDirectoryWatcher: A directory notification for 'E:/Programs/Epic Games/Epic Games/4.14/FeaturePacks/' was aborted.
[2017.01.04-23.45.24:857][ 70]LogModuleManager: Shutting down and abandoning module GameplayTags (236)
[2017.01.04-23.45.24:857][ 70]LogModuleManager: Shutting down and abandoning module EditorWidgets (235)
[2017.01.04-23.45.24:857][ 70]LogModuleManager: Shutting down and abandoning module CollectionManager (234)
[2017.01.04-23.45.24:857][ 70]LogDirectoryWatcher: A directory notification for 'E:/Documents/Unreal Projects/TetrisGame/Content/Collections/' was aborted.
[2017.01.04-23.45.24:857][ 70]LogDirectoryWatcher: A directory notification for 'E:/Documents/Unreal Projects/TetrisGame/Content/Developers/bchie/Collections/' was aborted.
[2017.01.04-23.45.24:857][ 70]LogDirectoryWatcher: A directory notification for 'E:/Documents/Unreal Projects/TetrisGame/Saved/Collections/' was aborted.
[2017.01.04-23.45.24:857][ 70]LogModuleManager: Shutting down and abandoning module StatsViewer (233)
[2017.01.04-23.45.24:857][ 70]LogModuleManager: Shutting down and abandoning module FoliageEdit (232)
[2017.01.04-23.45.24:858][ 70]LogModuleManager: Shutting down and abandoning module LandscapeEditor (231)
[2017.01.04-23.45.24:858][ 70]LogModuleManager: Shutting down and abandoning module SceneDepthPickerMode (230)
[2017.01.04-23.45.24:858][ 70]LogModuleManager: Shutting down and abandoning module ActorPickerMode (229)
[2017.01.04-23.45.24:858][ 70]LogModuleManager: Shutting down and abandoning module GeometryMode (228)
[2017.01.04-23.45.24:858][ 70]LogModuleManager: Shutting down and abandoning module TextureAlignMode (227)
[2017.01.04-23.45.24:858][ 70]LogModuleManager: Shutting down and abandoning module BspMode (226)
[2017.01.04-23.45.24:858][ 70]LogModuleManager: Shutting down and abandoning module HardwareSurvey (225)
[2017.01.04-23.45.24:858][ 70]LogModuleManager: Shutting down and abandoning module SequenceRecorderSections (224)
[2017.01.04-23.45.24:858][ 70]LogModuleManager: Shutting down and abandoning module AutomationWorker (223)
[2017.01.04-23.45.24:858][ 70]LogModuleManager: Shutting down and abandoning module MatineeToLevelSequence (222)
[2017.01.04-23.45.24:858][ 70]LogModuleManager: Shutting down and abandoning module PlacementMode (221)
[2017.01.04-23.45.24:858][ 70]LogModuleManager: Shutting down and abandoning module LevelSequenceEditor (220)
[2017.01.04-23.45.24:858][ 70]LogModuleManager: Shutting down and abandoning module WmfMediaFactory (219)
[2017.01.04-23.45.24:858][ 70]LogModuleManager: Shutting down and abandoning module WmfMediaEditor (218)
[2017.01.04-23.45.24:858][ 70]LogModuleManager: Shutting down and abandoning module AvfMediaFactory (217)
[2017.01.04-23.45.24:858][ 70]LogModuleManager: Shutting down and abandoning module AvfMediaEditor (216)
[2017.01.04-23.45.24:858][ 70]LogModuleManager: Shutting down and abandoning module Media (215)
[2017.01.04-23.45.24:858][ 70]LogModuleManager: Shutting down and abandoning module AndroidMediaFactory (214)
[2017.01.04-23.45.24:858][ 70]LogModuleManager: Shutting down and abandoning module AndroidMediaEditor (213)
[2017.01.04-23.45.24:858][ 70]LogModuleManager: Shutting down and abandoning module CharacterAI (212)
[2017.01.04-23.45.24:858][ 70]LogModuleManager: Shutting down and abandoning module SequenceRecorder (211)
[2017.01.04-23.45.24:858][ 70]LogModuleManager: Shutting down and abandoning module AudioCapture (210)
[2017.01.04-23.45.24:858][ 70]LogModuleManager: Shutting down and abandoning module SmartSnapping (209)
[2017.01.04-23.45.24:858][ 70]LogModuleManager: Shutting down and abandoning module SessionServices (208)
[2017.01.04-23.45.24:858][ 70]LogModuleManager: Shutting down and abandoning module ViewportSnapping (207)
[2017.01.04-23.45.24:858][ 70]LogModuleManager: Shutting down and abandoning module ViewportInteraction (206)
[2017.01.04-23.45.24:858][ 70]LogModuleManager: Shutting down and abandoning module LogVisualizer (205)
[2017.01.04-23.45.24:858][ 70]LogModuleManager: Shutting down and abandoning module GameProjectGeneration (204)
[2017.01.04-23.45.24:858][ 70]LogModuleManager: Shutting down and abandoning module IntroTutorials (203)
[2017.01.04-23.45.24:858][ 70]LogModuleManager: Shutting down and abandoning module EditorLiveStreaming (202)
[2017.01.04-23.45.24:858][ 70]LogModuleManager: Shutting down and abandoning module IOSPlatformEditor (201)
[2017.01.04-23.45.24:858][ 70]LogModuleManager: Shutting down and abandoning module HTML5PlatformEditor (200)
[2017.01.04-23.45.24:858][ 70]LogModuleManager: Shutting down and abandoning module AndroidDeviceDetection (199)
[2017.01.04-23.45.25:496][ 70]LogModuleManager: Shutting down and abandoning module AndroidPlatformEditor (198)
[2017.01.04-23.45.25:496][ 70]LogModuleManager: Shutting down and abandoning module IOSRuntimeSettings (197)
[2017.01.04-23.45.25:496][ 70]LogModuleManager: Shutting down and abandoning module AndroidRuntimeSettings (196)
[2017.01.04-23.45.25:496][ 70]LogModuleManager: Shutting down and abandoning module InputBindingEditor (195)
[2017.01.04-23.45.25:496][ 70]LogModuleManager: Shutting down and abandoning module NiagaraEditor (194)
[2017.01.04-23.45.25:496][ 70]LogModuleManager: Shutting down and abandoning module MergeActors (193)
[2017.01.04-23.45.25:496][ 70]LogModuleManager: Shutting down and abandoning module SizeMap (192)
[2017.01.04-23.45.25:496][ 70]LogModuleManager: Shutting down and abandoning module TreeMap (191)
[2017.01.04-23.45.25:496][ 70]LogModuleManager: Shutting down and abandoning module ReferenceViewer (190)
[2017.01.04-23.45.25:496][ 70]LogModuleManager: Shutting down and abandoning module LocalizationService (189)
[2017.01.04-23.45.25:496][ 70]LogModuleManager: Shutting down and abandoning module LocalizationDashboard (188)
[2017.01.04-23.45.25:496][ 70]LogModuleManager: Shutting down and abandoning module HardwareTargeting (187)
[2017.01.04-23.45.25:496][ 70]LogModuleManager: Shutting down and abandoning module DeviceProfileEditor (186)
[2017.01.04-23.45.25:496][ 70]LogModuleManager: Shutting down and abandoning module UndoHistory (185)
[2017.01.04-23.45.25:496][ 70]LogModuleManager: Shutting down and abandoning module UserFeedback (184)
[2017.01.04-23.45.25:496][ 70]LogModuleManager: Shutting down and abandoning module XmlParser (183)
[2017.01.04-23.45.25:497][ 70]LogModuleManager: Shutting down and abandoning module Blutility (182)
[2017.01.04-23.45.25:497][ 70]LogModuleManager: Shutting down and abandoning module ProjectTargetPlatformEditor (181)
[2017.01.04-23.45.25:497][ 70]LogModuleManager: Shutting down and abandoning module ProjectSettingsViewer (180)
[2017.01.04-23.45.25:497][ 70]LogModuleManager: Shutting down and abandoning module EditorSettingsViewer (179)
[2017.01.04-23.45.25:497][ 70]LogModuleManager: Shutting down and abandoning module SettingsEditor (178)
[2017.01.04-23.45.25:497][ 70]LogModuleManager: Shutting down and abandoning module ProjectLauncher (177)
[2017.01.04-23.45.25:497][ 70]LogModuleManager: Shutting down and abandoning module SessionFrontend (176)
[2017.01.04-23.45.25:497][ 70]LogModuleManager: Shutting down and abandoning module ProfilerClient (175)
[2017.01.04-23.45.25:497][ 70]LogModuleManager: Shutting down and abandoning module TargetDeviceServices (174)
[2017.01.04-23.45.25:497][ 70]LogModuleManager: Shutting down and abandoning module DeviceManager (173)
[2017.01.04-23.45.25:539][ 70]LogModuleManager: Shutting down and abandoning module AutomationController (172)
[2017.01.04-23.45.25:539][ 70]LogModuleManager: Shutting down and abandoning module AutomationWindow (171)
[2017.01.04-23.45.25:539][ 70]LogModuleManager: Shutting down and abandoning module Layers (170)
[2017.01.04-23.45.25:539][ 70]LogModuleManager: Shutting down and abandoning module ComponentVisualizers (169)
[2017.01.04-23.45.25:539][ 70]LogModuleManager: Shutting down and abandoning module DetailCustomizations (168)
[2017.01.04-23.45.25:539][ 70]LogModuleManager: Shutting down and abandoning module PackagesDialog (167)
[2017.01.04-23.45.25:539][ 70]LogModuleManager: Shutting down and abandoning module AnimGraph (166)
[2017.01.04-23.45.25:539][ 70]LogModuleManager: Shutting down and abandoning module Persona (165)
[2017.01.04-23.45.25:539][ 70]LogModuleManager: Shutting down and abandoning module Kismet (164)
[2017.01.04-23.45.25:540][ 70]LogModuleManager: Shutting down and abandoning module GraphEditor (163)
[2017.01.04-23.45.25:540][ 70]LogModuleManager: Shutting down and abandoning module ClassViewer (162)
[2017.01.04-23.45.25:540][ 70]LogModuleManager: Shutting down and abandoning module Toolbox (161)
[2017.01.04-23.45.25:540][ 70]LogModuleManager: Shutting down and abandoning module ModuleUI (160)
[2017.01.04-23.45.25:540][ 70]LogModuleManager: Shutting down and abandoning module MovieSceneTools (159)
[2017.01.04-23.45.25:540][ 70]LogModuleManager: Shutting down and abandoning module OutputLog (158)
[2017.01.04-23.45.25:540][ 70]LogModuleManager: Shutting down and abandoning module GammaUI (157)
[2017.01.04-23.45.25:540][ 70]LogModuleManager: Shutting down and abandoning module Documentation (156)
[2017.01.04-23.45.25:540][ 70]LogModuleManager: Shutting down and abandoning module Niagara (155)
[2017.01.04-23.45.25:540][ 70]LogModuleManager: Shutting down and abandoning module StreamingPauseRendering (154)
[2017.01.04-23.45.25:540][ 70]LogModuleManager: Shutting down and abandoning module AnalyticsET (153)
[2017.01.04-23.45.25:540][ 70]LogModuleManager: Shutting down and abandoning module PortalServices (152)
[2017.01.04-23.45.25:540][ 70]LogModuleManager: Shutting down and abandoning module PortalRpc (151)
[2017.01.04-23.45.25:540][ 70]LogModuleManager: Shutting down and abandoning module MessagingRpc (150)
[2017.01.04-23.45.25:540][ 70]LogModuleManager: Shutting down and abandoning module GameplayDebugger (149)
[2017.01.04-23.45.25:540][ 70]LogModuleManager: Shutting down and abandoning module AITestSuite (148)
[2017.01.04-23.45.25:540][ 70]LogModuleManager: Shutting down and abandoning module AIModule (147)
[2017.01.04-23.45.25:540][ 70]LogModuleManager: Shutting down and abandoning module ProfilerService (146)
[2017.01.04-23.45.25:665][ 70]LogModuleManager: Shutting down and abandoning module TaskGraph (145)
[2017.01.04-23.45.25:665][ 70]LogModuleManager: Shutting down and abandoning module SlateRemote (144)
[2017.01.04-23.45.25:665][ 70]LogModuleManager: Shutting down and abandoning module SteamVRController (143)
[2017.01.04-23.45.25:665][ 70]LogModuleManager: Shutting down and abandoning module SteamVR (142)
[2017.01.04-23.45.25:665][ 70]LogModuleManager: Shutting down and abandoning module ProceduralMeshComponentEditor (141)
[2017.01.04-23.45.25:665][ 70]LogModuleManager: Shutting down and abandoning module ProceduralMeshComponent (140)
[2017.01.04-23.45.25:665][ 70]LogModuleManager: Shutting down and abandoning module OculusLibrary (139)
[2017.01.04-23.45.25:665][ 70]LogModuleManager: Shutting down and abandoning module OculusInput (138)
[2017.01.04-23.45.25:665][ 70]LogModuleManager: Shutting down and abandoning module MobilePatchingUtils (137)
[2017.01.04-23.45.25:665][ 70]LogModuleManager: Shutting down and abandoning module CustomMeshComponent (136)
[2017.01.04-23.45.25:665][ 70]LogModuleManager: Shutting down and abandoning module CableComponent (135)
[2017.01.04-23.45.25:665][ 70]LogModuleManager: Shutting down and abandoning module ArchVisCharacter (134)
[2017.01.04-23.45.25:665][ 70]LogModuleManager: Shutting down and abandoning module MediaPlayerEditor (132)
[2017.01.04-23.45.25:665][ 70]LogModuleManager: Shutting down and abandoning module HTML5Networking (131)
[2017.01.04-23.45.25:665][ 70]LogModuleManager: Shutting down and abandoning module GeometryCacheEd (130)
[2017.01.04-23.45.25:665][ 70]LogModuleManager: Shutting down and abandoning module GeometryCache (129)
[2017.01.04-23.45.25:665][ 70]LogModuleManager: Shutting down and abandoning module AlembicLibrary (128)
[2017.01.04-23.45.25:665][ 70]LogModuleManager: Shutting down and abandoning module AlembicImporter (127)
[2017.01.04-23.45.25:665][ 70]LogModuleManager: Shutting down and abandoning module SuperSearch (126)
[2017.01.04-23.45.25:665][ 70]LogModuleManager: Shutting down and abandoning module SuperSearchEditor (125)
[2017.01.04-23.45.25:665][ 70]LogModuleManager: Shutting down and abandoning module SpeedTreeImporter (124)
[2017.01.04-23.45.25:665][ 70]LogModuleManager: Shutting down and abandoning module PluginBrowser (123)
[2017.01.04-23.45.25:665][ 70]LogModuleManager: Shutting down and abandoning module MobileLauncherProfileWizard (122)
[2017.01.04-23.45.25:665][ 70]LogModuleManager: Shutting down and abandoning module EpicSurvey (121)
[2017.01.04-23.45.25:665][ 70]LogModuleManager: Shutting down and abandoning module DesktopPlatform (120)
[2017.01.04-23.45.25:665][ 70]LogModuleManager: Shutting down and abandoning module VisualStudioSourceCodeAccess (119)
[2017.01.04-23.45.25:665][ 70]LogModuleManager: Shutting down and abandoning module UObjectPlugin (118)
[2017.01.04-23.45.25:665][ 70]LogModuleManager: Shutting down and abandoning module SubversionSourceControl (117)
[2017.01.04-23.45.25:665][ 70]LogModuleManager: Shutting down and abandoning module PerforceSourceControl (116)
[2017.01.04-23.45.25:665][ 70]LogModuleManager: Shutting down and abandoning module SourceControl (115)
[2017.01.04-23.45.25:665][ 70]LogModuleManager: Shutting down and abandoning module GitSourceControl (114)
[2017.01.04-23.45.25:665][ 70]LogModuleManager: Shutting down and abandoning module LightPropagationVolumeEditor (113)
[2017.01.04-23.45.25:665][ 70]LogModuleManager: Shutting down and abandoning module PaperTiledImporter (112)
[2017.01.04-23.45.25:665][ 70]LogModuleManager: Shutting down and abandoning module PaperSpriteSheetImporter (111)
[2017.01.04-23.45.25:665][ 70]LogModuleManager: Shutting down and abandoning module MeshPaint (110)
[2017.01.04-23.45.25:665][ 70]LogModuleManager: Shutting down and abandoning module PixelInspectorModule (109)
[2017.01.04-23.45.25:665][ 70]LogModuleManager: Shutting down and abandoning module HotReload (108)
[2017.01.04-23.45.25:665][ 70]LogModuleManager: Shutting down and abandoning module MainFrame (107)
[2017.01.04-23.45.25:665][ 70]LogModuleManager: Shutting down and abandoning module LevelEditor (106)
[2017.01.04-23.45.25:666][ 70]LogModuleManager: Shutting down and abandoning module ContentBrowser (105)
[2017.01.04-23.45.25:667][ 70]LogModuleManager: Shutting down and abandoning module Paper2DEditor (104)
[2017.01.04-23.45.25:667][ 70]LogModuleManager: Shutting down and abandoning module UdpMessaging (103)
[2017.01.04-23.45.25:768][ 70]LogModuleManager: Shutting down and abandoning module TcpMessaging (102)
[2017.01.04-23.45.25:868][ 70]LogModuleManager: Shutting down and abandoning module LightPropagationVolumeRuntime (101)
[2017.01.04-23.45.25:868][ 70]LogModuleManager: Shutting down and abandoning module Paper2D (100)
[2017.01.04-23.45.25:868][ 70]LogModuleManager: Shutting down and abandoning module WindowsMoviePlayer (99)
[2017.01.04-23.45.25:868][ 70]LogModuleManager: Shutting down and abandoning module WmfMedia (98)
[2017.01.04-23.45.25:868][ 70]LogModuleManager: Shutting down and abandoning module MediaAssets (97)
[2017.01.04-23.45.25:868][ 70]LogModuleManager: Shutting down and abandoning module GameLiveStreaming (96)
[2017.01.04-23.45.25:868][ 70]LogModuleManager: Shutting down and abandoning module GameplayTagsEditor (95)
[2017.01.04-23.45.25:868][ 70]LogModuleManager: Shutting down and abandoning module VREditor (94)
[2017.01.04-23.45.25:868][ 70]LogModuleManager: Shutting down and abandoning module GameplayTasksEditor (93)
[2017.01.04-23.45.25:868][ 70]LogModuleManager: Shutting down and abandoning module BehaviorTreeEditor (92)
[2017.01.04-23.45.25:868][ 70]LogModuleManager: Shutting down and abandoning module FunctionalTesting (91)
[2017.01.04-23.45.25:868][ 70]LogModuleManager: Shutting down and abandoning module CollisionAnalyzer (90)
[2017.01.04-23.45.25:868][ 70]LogModuleManager: Shutting down and abandoning module Sequencer (89)
[2017.01.04-23.45.25:868][ 70]LogModuleManager: Shutting down and abandoning module WorkspaceMenuStructure (88)
[2017.01.04-23.45.25:868][ 70]LogModuleManager: Shutting down and abandoning module MessageLog (87)
[2017.01.04-23.45.25:868][ 70]LogModuleManager: Shutting down and abandoning module AssetTools (86)
[2017.01.04-23.45.25:869][ 70]LogModuleManager: Shutting down and abandoning module UMGEditor (85)
[2017.01.04-23.45.25:869][ 70]LogModuleManager: Shutting down and abandoning module UMG (84)
[2017.01.04-23.45.25:869][ 70]LogModuleManager: Shutting down and abandoning module SlateReflector (83)
[2017.01.04-23.45.25:869][ 70]LogModuleManager: Shutting down and abandoning module Slate (82)
[2017.01.04-23.45.25:869][ 70]LogModuleManager: Shutting down and abandoning module EditorStyle (81)
[2017.01.04-23.45.25:873][ 70]LogModuleManager: Shutting down and abandoning module SourceCodeAccess (80)
[2017.01.04-23.45.25:873][ 70]LogModuleManager: Shutting down and abandoning module HeadMountedDisplay (79)
[2017.01.04-23.45.25:873][ 70]LogModuleManager: Shutting down and abandoning module XAudio2 (78)
[2017.01.04-23.45.25:873][ 70]LogModuleManager: Shutting down and abandoning module Networking (76)
[2017.01.04-23.45.25:873][ 70]LogModuleManager: Shutting down and abandoning module Core (75)
[2017.01.04-23.45.25:873][ 70]LogModuleManager: Shutting down and abandoning module DirectoryWatcher (74)
[2017.01.04-23.45.25:873][ 70]LogDirectoryWatcher: A directory notification for '../../../Engine/Content/' was aborted.
[2017.01.04-23.45.25:873][ 70]LogDirectoryWatcher: A directory notification for '../../../../../../../Documents/Unreal Projects/TetrisGame/Content/' was aborted.
[2017.01.04-23.45.25:873][ 70]LogDirectoryWatcher: A directory notification for '../../../Engine/Plugins/2D/Paper2D/Content/' was aborted.
[2017.01.04-23.45.25:874][ 70]LogModuleManager: Shutting down and abandoning module AssetRegistry (73)
[2017.01.04-23.45.26:013][ 70]LogModuleManager: Shutting down and abandoning module KismetCompiler (72)
[2017.01.04-23.45.26:013][ 70]LogModuleManager: Shutting down and abandoning module PhysXFormats (71)
[2017.01.04-23.45.26:013][ 70]LogModuleManager: Shutting down and abandoning module SimplygonSwarm (70)
[2017.01.04-23.45.26:013][ 70]LogModuleManager: Shutting down and abandoning module SimplygonMeshReduction (69)
[2017.01.04-23.45.26:013][ 70]LogModuleManager: Shutting down and abandoning module QuadricMeshReduction (68)
[2017.01.04-23.45.26:014][ 70]LogModuleManager: Shutting down and abandoning module PropertyEditor (67)
[2017.01.04-23.45.26:014][ 70]LogModuleManager: Shutting down and abandoning module MeshUtilities (66)
[2017.01.04-23.45.26:014][ 70]LogModuleManager: Shutting down and abandoning module DerivedDataCache (65)
[2017.01.04-23.45.26:098][ 70]LogDerivedDataCache: Shutdown
[2017.01.04-23.45.26:098][ 70]LogModuleManager: Shutting down and abandoning module VulkanShaderFormat (64)
[2017.01.04-23.45.26:098][ 70]LogModuleManager: Shutting down and abandoning module ShaderFormatOpenGL (63)
[2017.01.04-23.45.26:098][ 70]LogModuleManager: Shutting down and abandoning module ShaderFormatD3D (62)
[2017.01.04-23.45.26:098][ 70]LogModuleManager: Shutting down and abandoning module MetalShaderFormat (61)
[2017.01.04-23.45.26:098][ 70]LogModuleManager: Shutting down and abandoning module TextureFormatUncompressed (60)
[2017.01.04-23.45.26:098][ 70]LogModuleManager: Shutting down and abandoning module TextureFormatPVR (59)
[2017.01.04-23.45.26:098][ 70]LogModuleManager: Shutting down and abandoning module TextureFormatDXT (58)
[2017.01.04-23.45.26:098][ 70]LogModuleManager: Shutting down and abandoning module TextureFormatIntelISPCTexComp (57)
[2017.01.04-23.45.26:098][ 70]LogModuleManager: Shutting down and abandoning module ImageWrapper (56)
[2017.01.04-23.45.26:098][ 70]LogModuleManager: Shutting down and abandoning module TextureFormatASTC (55)
[2017.01.04-23.45.26:098][ 70]LogModuleManager: Shutting down and abandoning module TextureFormatAndroid (54)
[2017.01.04-23.45.26:098][ 70]LogModuleManager: Shutting down and abandoning module AudioFormatOpus (53)
[2017.01.04-23.45.26:098][ 70]LogModuleManager: Shutting down and abandoning module AudioFormatOgg (52)
[2017.01.04-23.45.26:098][ 70]LogModuleManager: Shutting down and abandoning module AudioFormatADPCM (51)
[2017.01.04-23.45.26:098][ 70]LogModuleManager: Shutting down and abandoning module LinuxTargetPlatform (50)
[2017.01.04-23.45.26:098][ 70]LogModuleManager: Shutting down and abandoning module LinuxServerTargetPlatform (49)
[2017.01.04-23.45.26:098][ 70]LogModuleManager: Shutting down and abandoning module LinuxNoEditorTargetPlatform (48)
[2017.01.04-23.45.26:098][ 70]LogModuleManager: Shutting down and abandoning module LinuxClientTargetPlatform (47)
[2017.01.04-23.45.26:098][ 70]LogModuleManager: Shutting down and abandoning module TVOSTargetPlatform (46)
[2017.01.04-23.45.26:098][ 70]LogModuleManager: Shutting down and abandoning module Messaging (45)
[2017.01.04-23.45.26:098][ 70]LogModuleManager: Shutting down and abandoning module IOSTargetPlatform (44)
[2017.01.04-23.45.26:098][ 70]LogModuleManager: Shutting down and abandoning module HTML5TargetPlatform (43)
[2017.01.04-23.45.26:098][ 70]LogModuleManager: Shutting down and abandoning module Android_PVRTCTargetPlatform (42)
[2017.01.04-23.45.26:098][ 70]LogModuleManager: Shutting down and abandoning module Android_MultiTargetPlatform (41)
[2017.01.04-23.45.26:098][ 70]LogModuleManager: Shutting down and abandoning module Android_ETC2TargetPlatform (40)
[2017.01.04-23.45.26:098][ 70]LogModuleManager: Shutting down and abandoning module Android_ETC1TargetPlatform (39)
[2017.01.04-23.45.26:098][ 70]LogModuleManager: Shutting down and abandoning module Android_DXTTargetPlatform (38)
[2017.01.04-23.45.26:098][ 70]LogModuleManager: Shutting down and abandoning module Android_ATCTargetPlatform (37)
[2017.01.04-23.45.26:098][ 70]LogModuleManager: Shutting down and abandoning module Android_ASTCTargetPlatform (36)
[2017.01.04-23.45.26:098][ 70]LogModuleManager: Shutting down and abandoning module AndroidTargetPlatform (35)
[2017.01.04-23.45.26:098][ 70]LogModuleManager: Shutting down and abandoning module WindowsTargetPlatform (34)
[2017.01.04-23.45.26:098][ 70]LogModuleManager: Shutting down and abandoning module WindowsServerTargetPlatform (33)
[2017.01.04-23.45.26:098][ 70]LogModuleManager: Shutting down and abandoning module WindowsNoEditorTargetPlatform (32)
[2017.01.04-23.45.26:098][ 70]LogModuleManager: Shutting down and abandoning module WindowsClientTargetPlatform (31)
[2017.01.04-23.45.26:098][ 70]LogModuleManager: Shutting down and abandoning module MacTargetPlatform (30)
[2017.01.04-23.45.26:098][ 70]LogModuleManager: Shutting down and abandoning module MacServerTargetPlatform (29)
[2017.01.04-23.45.26:098][ 70]LogModuleManager: Shutting down and abandoning module MacNoEditorTargetPlatform (28)
[2017.01.04-23.45.26:098][ 70]LogModuleManager: Shutting down and abandoning module MacClientTargetPlatform (27)
[2017.01.04-23.45.26:098][ 70]LogModuleManager: Shutting down and abandoning module AllDesktopTargetPlatform (26)
[2017.01.04-23.45.26:098][ 70]LogModuleManager: Shutting down and abandoning module TargetPlatform (25)
[2017.01.04-23.45.26:098][ 70]LogModuleManager: Shutting down and abandoning module InputCore (24)
[2017.01.04-23.45.26:098][ 70]LogModuleManager: Shutting down and abandoning module Settings (23)
[2017.01.04-23.45.26:098][ 70]LogModuleManager: Shutting down and abandoning module OculusRift (22)
[2017.01.04-23.45.26:098][ 70]LogModuleManager: Shutting down and abandoning module ExampleDeviceProfileSelector (21)
[2017.01.04-23.45.26:098][ 70]LogModuleManager: Shutting down and abandoning module OnlineBlueprintSupport (20)
[2017.01.04-23.45.26:098][ 70]LogModuleManager: Shutting down and abandoning module OnlineSubsystem (18)
[2017.01.04-23.45.26:098][ 70]LogOnline:Display: Unloading online subsystem: NULL
[2017.01.04-23.45.26:098][ 70]LogModuleManager: Shutting down and abandoning module SSL (17)
[2017.01.04-23.45.26:099][ 70]LogModuleManager: Shutting down and abandoning module HTTP (16)
[2017.01.04-23.45.26:099][ 70]LogModuleManager: Shutting down and abandoning module XMPP (15)
[2017.01.04-23.45.26:099][ 70]LogModuleManager: Shutting down and abandoning module TextureCompressor (14)
[2017.01.04-23.45.26:100][ 70]LogModuleManager: Shutting down and abandoning module ShaderCore (13)
[2017.01.04-23.45.26:100][ 70]LogModuleManager: Shutting down and abandoning module Landscape (12)
[2017.01.04-23.45.26:100][ 70]LogModuleManager: Shutting down and abandoning module SlateRHIRenderer (11)
[2017.01.04-23.45.26:101][ 70]LogModuleManager: Shutting down and abandoning module OpenGLDrv (10)
[2017.01.04-23.45.26:101][ 70]LogModuleManager: Shutting down and abandoning module D3D11RHI (9)
[2017.01.04-23.45.26:101][ 70]LogModuleManager: Shutting down and abandoning module AnimGraphRuntime (8)
[2017.01.04-23.45.26:101][ 70]LogModuleManager: Shutting down and abandoning module Renderer (7)
[2017.01.04-23.45.26:101][ 70]LogModuleManager: Shutting down and abandoning module Engine (6)
[2017.01.04-23.45.26:101][ 70]LogModuleManager: Shutting down and abandoning module CoreUObject (5)
[2017.01.04-23.45.26:101][ 70]LogModuleManager: Shutting down and abandoning module NetworkFile (4)
[2017.01.04-23.45.26:101][ 70]LogModuleManager: Shutting down and abandoning module StreamingFile (3)
[2017.01.04-23.45.26:101][ 70]LogModuleManager: Shutting down and abandoning module SandboxFile (2)
[2017.01.04-23.45.26:101][ 70]LogModuleManager: Shutting down and abandoning module PakFile (1)
[2017.01.04-23.45.26:104][ 70]LogExit: Exiting.
[2017.01.04-23.45.26:118][ 70]Log file closed, 01/04/17 15:45:26
